<?xml version="1.0" encoding="UTF-8"?>
<!-- Generated by org.testng.reporters.JUnitReportReporter -->
<testsuite skipped="0" hostname="AliaksandrDryschyts" name="by.stormnet.web.RegistrationFrontTest" tests="4" failures="0" timestamp="2020-02-26T12:22:58 MSK" time="26.442" errors="0">
  <testcase name="registrationStepOneTest" time="13.158" classname="by.stormnet.web.RegistrationFrontTest"/>
  <testcase name="registrationStepTwoTest" time="3.093" classname="by.stormnet.web.RegistrationFrontTest"/>
  <testcase name="registrationStepThreeTest" time="4.169" classname="by.stormnet.web.RegistrationFrontTest"/>
  <testcase name="registrationStepFourTest" time="6.022" classname="by.stormnet.web.RegistrationFrontTest"/>
</testsuite> <!-- by.stormnet.web.RegistrationFrontTest -->
