<?xml version="1.0" encoding="UTF-8"?>
<!-- Generated by org.testng.reporters.JUnitReportReporter -->
<testsuite skipped="1" hostname="AliaksandrDryschyts" name="api.ApiTest" tests="5" failures="0" timestamp="2020-02-25T13:45:19 MSK" time="26.543" errors="0">
  <testcase name="registrationApiStepThree" time="1.787" classname="api.ApiTest"/>
  <testcase name="registrationApiStepFour" time="2.175" classname="api.ApiTest"/>
  <testcase name="registrationApiStepTwo" time="0.199" classname="api.ApiTest"/>
  <testcase name="registrationApiStepOne" time="10.569" classname="api.ApiTest"/>
  <testcase name="registrationApiStepOne" time="11.813" classname="api.ApiTest">
    <skipped/>
  </testcase> <!-- registrationApiStepOne -->
</testsuite> <!-- api.ApiTest -->
