<?xml version="1.0" encoding="UTF-8"?>
<!-- Generated by org.testng.reporters.JUnitReportReporter -->
<testsuite skipped="0" hostname="AliaksandrDryschyts" name="by.stormnet.web.CollectionTest" tests="5" failures="0" timestamp="2020-02-21T12:35:45 MSK" time="30.252" errors="0">
  <testcase name="loanCollectionForSale" time="6.214" classname="by.stormnet.web.CollectionTest"/>
  <testcase name="loanCollectionForOutSource" time="6.492" classname="by.stormnet.web.CollectionTest"/>
  <testcase name="loanCollectionForLegalExpert" time="6.536" classname="by.stormnet.web.CollectionTest"/>
  <testcase name="assigmentCollector" time="4.896" classname="by.stormnet.web.CollectionTest"/>
  <testcase name="addCommentCollector" time="6.114" classname="by.stormnet.web.CollectionTest"/>
</testsuite> <!-- by.stormnet.web.CollectionTest -->
