<?xml version="1.0" encoding="UTF-8"?>
<!-- Generated by org.testng.reporters.JUnitReportReporter -->
<testsuite skipped="0" hostname="AliaksandrDryschyts" name="by.stormnet.web.RegistrationFrontTest" tests="4" failures="0" timestamp="2020-02-21T12:08:42 MSK" time="23.808" errors="0">
  <testcase name="registrationStepTwoThree" time="3.645" classname="by.stormnet.web.RegistrationFrontTest"/>
  <testcase name="registrationStepTwoFour" time="3.761" classname="by.stormnet.web.RegistrationFrontTest"/>
  <testcase name="registrationStepTwoTest" time="3.051" classname="by.stormnet.web.RegistrationFrontTest"/>
  <testcase name="registrationStepOneTest" time="13.351" classname="by.stormnet.web.RegistrationFrontTest"/>
</testsuite> <!-- by.stormnet.web.RegistrationFrontTest -->
