<?xml version="1.0" encoding="UTF-8"?>
<!-- Generated by org.testng.reporters.JUnitReportReporter -->
<testsuite skipped="0" hostname="AliaksandrDryschyts" name="by.stormnet.web.SettingsTest" tests="6" failures="0" timestamp="2020-02-20T17:31:43 MSK" time="15.883" errors="0">
  <testcase name="addNewAdmin" time="2.612" classname="by.stormnet.web.SettingsTest"/>
  <testcase name="addAffilate" time="1.903" classname="by.stormnet.web.SettingsTest"/>
  <testcase name="addRemainder" time="2.157" classname="by.stormnet.web.SettingsTest"/>
  <testcase name="addMarketingSettings" time="5.323" classname="by.stormnet.web.SettingsTest"/>
  <testcase name="addRegion" time="1.919" classname="by.stormnet.web.SettingsTest"/>
  <testcase name="addCity" time="1.969" classname="by.stormnet.web.SettingsTest"/>
</testsuite> <!-- by.stormnet.web.SettingsTest -->
