<?xml version="1.0" encoding="UTF-8"?>
<!-- Generated by org.testng.reporters.JUnitReportReporter -->
<testsuite skipped="1" hostname="AliaksandrDryschyts" name="api.ApiTest" tests="5" failures="0" timestamp="2020-02-20T17:23:57 MSK" time="6.911" errors="0">
  <testcase name="registrationStepFour" time="2.510" classname="api.ApiTest"/>
  <testcase name="registrationStepOne" time="0.521" classname="api.ApiTest"/>
  <testcase name="registrationStepOne" time="1.467" classname="api.ApiTest">
    <skipped/>
  </testcase> <!-- registrationStepOne -->
  <testcase name="registrationStepTwo" time="0.199" classname="api.ApiTest"/>
  <testcase name="registrationStepThree" time="2.214" classname="api.ApiTest"/>
</testsuite> <!-- api.ApiTest -->
