<?xml version="1.0" encoding="UTF-8"?>
<!-- Generated by org.testng.reporters.JUnitReportReporter -->
<testsuite skipped="1" hostname="AliaksandrDryschyts" name="by.stormnet.web.RegistrationFrontTest" tests="5" failures="0" timestamp="2020-02-26T10:48:05 MSK" time="28.321" errors="0">
  <testcase name="registrationStepOneTest" time="12.704" classname="by.stormnet.web.RegistrationFrontTest"/>
  <testcase name="registrationStepTwoTest" time="5.370" classname="by.stormnet.web.RegistrationFrontTest">
    <skipped/>
  </testcase> <!-- registrationStepTwoTest -->
  <testcase name="registrationStepTwoTest" time="1.734" classname="by.stormnet.web.RegistrationFrontTest"/>
  <testcase name="registrationStepThreeTest" time="3.814" classname="by.stormnet.web.RegistrationFrontTest"/>
  <testcase name="registrationStepFourTest" time="4.699" classname="by.stormnet.web.RegistrationFrontTest"/>
</testsuite> <!-- by.stormnet.web.RegistrationFrontTest -->
