<?xml version="1.0" encoding="UTF-8"?>
<!-- Generated by org.testng.reporters.JUnitReportReporter -->
<testsuite skipped="0" hostname="AliaksandrDryschyts" name="by.stormnet.web.SettingsTest" tests="6" failures="0" timestamp="2020-02-21T13:46:27 MSK" time="15.232" errors="0">
  <testcase name="addNewAdmin" time="2.702" classname="by.stormnet.web.SettingsTest"/>
  <testcase name="addAffilate" time="2.119" classname="by.stormnet.web.SettingsTest"/>
  <testcase name="addRemainder" time="1.945" classname="by.stormnet.web.SettingsTest"/>
  <testcase name="addMarketingSettings" time="4.753" classname="by.stormnet.web.SettingsTest"/>
  <testcase name="addRegion" time="1.899" classname="by.stormnet.web.SettingsTest"/>
  <testcase name="addCity" time="1.814" classname="by.stormnet.web.SettingsTest"/>
</testsuite> <!-- by.stormnet.web.SettingsTest -->
