<?xml version="1.0" encoding="UTF-8"?>
<!-- Generated by org.testng.reporters.JUnitReportReporter -->
<testsuite skipped="0" hostname="AliaksandrDryschyts" name="by.stormnet.web.SettingsTest" tests="6" failures="0" timestamp="2020-02-20T17:23:57 MSK" time="15.842" errors="0">
  <testcase name="addNewAdmin" time="2.591" classname="by.stormnet.web.SettingsTest"/>
  <testcase name="addAffilate" time="2.327" classname="by.stormnet.web.SettingsTest"/>
  <testcase name="addRemainder" time="1.917" classname="by.stormnet.web.SettingsTest"/>
  <testcase name="addMarketingSettings" time="4.922" classname="by.stormnet.web.SettingsTest"/>
  <testcase name="addRegion" time="1.986" classname="by.stormnet.web.SettingsTest"/>
  <testcase name="addCity" time="2.099" classname="by.stormnet.web.SettingsTest"/>
</testsuite> <!-- by.stormnet.web.SettingsTest -->
