<?xml version="1.0" encoding="UTF-8"?>
<!-- Generated by org.testng.reporters.JUnitReportReporter -->
<testsuite skipped="3" hostname="AliaksandrDryschyts" name="by.stormnet.web.RegistrationFrontTest" tests="7" failures="0" timestamp="2020-02-25T13:45:19 MSK" time="26.760" errors="0">
  <testcase name="registrationStepOneTest" time="11.250" classname="by.stormnet.web.RegistrationFrontTest"/>
  <testcase name="registrationStepTwoFour" time="1.133" classname="by.stormnet.web.RegistrationFrontTest">
    <skipped/>
  </testcase> <!-- registrationStepTwoFour -->
  <testcase name="registrationStepTwoTest" time="4.022" classname="by.stormnet.web.RegistrationFrontTest"/>
  <testcase name="registrationStepTwoFour" time="4.046" classname="by.stormnet.web.RegistrationFrontTest"/>
  <testcase name="registrationStepTwoThree" time="4.495" classname="by.stormnet.web.RegistrationFrontTest"/>
  <testcase name="registrationStepTwoFour" time="0.785" classname="by.stormnet.web.RegistrationFrontTest">
    <skipped/>
  </testcase> <!-- registrationStepTwoFour -->
  <testcase name="registrationStepTwoFour" time="1.029" classname="by.stormnet.web.RegistrationFrontTest">
    <skipped/>
  </testcase> <!-- registrationStepTwoFour -->
</testsuite> <!-- by.stormnet.web.RegistrationFrontTest -->
