<?xml version="1.0" encoding="UTF-8"?>
<!-- Generated by org.testng.reporters.JUnitReportReporter -->
<testsuite skipped="0" hostname="AliaksandrDryschyts" name="by.stormnet.web.CollectionTest" tests="5" failures="0" timestamp="2020-02-24T16:21:35 MSK" time="21.654" errors="0">
  <testcase name="loanCollectionForSale" time="4.447" classname="by.stormnet.web.CollectionTest"/>
  <testcase name="loanCollectionForOutSource" time="4.069" classname="by.stormnet.web.CollectionTest"/>
  <testcase name="loanCollectionForLegalExpert" time="4.491" classname="by.stormnet.web.CollectionTest"/>
  <testcase name="assigmentCollector" time="3.908" classname="by.stormnet.web.CollectionTest"/>
  <testcase name="addCommentCollector" time="4.739" classname="by.stormnet.web.CollectionTest"/>
</testsuite> <!-- by.stormnet.web.CollectionTest -->
