<?xml version="1.0" encoding="UTF-8"?>
<!-- Generated by org.testng.reporters.JUnitReportReporter -->
<testsuite skipped="0" hostname="AliaksandrDryschyts" name="api.ApiTest" tests="4" failures="0" timestamp="2020-02-21T11:13:05 MSK" time="7.134" errors="0">
  <testcase name="registrationStepFour" time="2.172" classname="api.ApiTest"/>
  <testcase name="registrationStepOne" time="1.727" classname="api.ApiTest"/>
  <testcase name="registrationStepThree" time="2.813" classname="api.ApiTest"/>
  <testcase name="registrationStepTwo" time="0.422" classname="api.ApiTest"/>
</testsuite> <!-- api.ApiTest -->
