<?xml version="1.0" encoding="UTF-8"?>
<!-- Generated by org.testng.reporters.JUnitReportReporter -->
<testsuite skipped="0" hostname="AliaksandrDryschyts" name="by.stormnet.web.CollectionTest" tests="5" failures="0" timestamp="2020-02-21T13:46:27 MSK" time="19.909" errors="0">
  <testcase name="loanCollectionForSale" time="4.261" classname="by.stormnet.web.CollectionTest"/>
  <testcase name="loanCollectionForOutSource" time="3.865" classname="by.stormnet.web.CollectionTest"/>
  <testcase name="loanCollectionForLegalExpert" time="3.880" classname="by.stormnet.web.CollectionTest"/>
  <testcase name="assigmentCollector" time="3.699" classname="by.stormnet.web.CollectionTest"/>
  <testcase name="addCommentCollector" time="4.204" classname="by.stormnet.web.CollectionTest"/>
</testsuite> <!-- by.stormnet.web.CollectionTest -->
