<?xml version="1.0" encoding="UTF-8"?>
<!-- Generated by org.testng.reporters.JUnitReportReporter -->
<testsuite skipped="0" hostname="AliaksandrDryschyts" name="by.stormnet.web.CollectionTest" tests="5" failures="0" timestamp="2020-02-25T16:36:22 MSK" time="23.449" errors="0">
  <testcase name="loanCollectionForSale" time="4.750" classname="by.stormnet.web.CollectionTest"/>
  <testcase name="loanCollectionForOutSource" time="4.275" classname="by.stormnet.web.CollectionTest"/>
  <testcase name="loanCollectionForLegalExpert" time="5.134" classname="by.stormnet.web.CollectionTest"/>
  <testcase name="assigmentCollector" time="4.398" classname="by.stormnet.web.CollectionTest"/>
  <testcase name="addCommentCollector" time="4.892" classname="by.stormnet.web.CollectionTest"/>
</testsuite> <!-- by.stormnet.web.CollectionTest -->
