<?xml version="1.0" encoding="UTF-8"?>
<!-- Generated by org.testng.reporters.JUnitReportReporter -->
<testsuite skipped="0" hostname="AliaksandrDryschyts" name="api.ApiTest" tests="4" failures="0" timestamp="2020-02-26T13:03:55 MSK" time="16.203" errors="0">
  <testcase name="registrationApiStepTwo" time="0.241" classname="api.ApiTest"/>
  <testcase name="registrationApiStepFour" time="2.193" classname="api.ApiTest"/>
  <testcase name="registrationApiStepThree" time="1.801" classname="api.ApiTest"/>
  <testcase name="registrationApiStepOne" time="11.968" classname="api.ApiTest"/>
</testsuite> <!-- api.ApiTest -->
