<?xml version="1.0" encoding="UTF-8"?>
<!-- Generated by org.testng.reporters.JUnitReportReporter -->
<testsuite skipped="0" hostname="AliaksandrDryschyts" name="by.stormnet.web.SettingsTest" tests="6" failures="0" timestamp="2020-02-21T11:13:05 MSK" time="17.093" errors="0">
  <testcase name="addNewAdmin" time="2.595" classname="by.stormnet.web.SettingsTest"/>
  <testcase name="addAffilate" time="2.243" classname="by.stormnet.web.SettingsTest"/>
  <testcase name="addRemainder" time="2.196" classname="by.stormnet.web.SettingsTest"/>
  <testcase name="addMarketingSettings" time="5.426" classname="by.stormnet.web.SettingsTest"/>
  <testcase name="addRegion" time="2.319" classname="by.stormnet.web.SettingsTest"/>
  <testcase name="addCity" time="2.314" classname="by.stormnet.web.SettingsTest"/>
</testsuite> <!-- by.stormnet.web.SettingsTest -->
