<?xml version="1.0" encoding="UTF-8"?>
<!-- Generated by org.testng.reporters.JUnitReportReporter -->
<testsuite skipped="0" hostname="AliaksandrDryschyts" name="by.stormnet.web.SettingsTest" tests="6" failures="0" timestamp="2020-02-20T10:21:51 MSK" time="16.069" errors="0">
  <testcase name="addNewAdmin" time="2.493" classname="by.stormnet.web.SettingsTest"/>
  <testcase name="addAffilate" time="2.186" classname="by.stormnet.web.SettingsTest"/>
  <testcase name="addRemainder" time="2.085" classname="by.stormnet.web.SettingsTest"/>
  <testcase name="addMarketingSettings" time="4.964" classname="by.stormnet.web.SettingsTest"/>
  <testcase name="addRegion" time="2.253" classname="by.stormnet.web.SettingsTest"/>
  <testcase name="addCity" time="2.088" classname="by.stormnet.web.SettingsTest"/>
</testsuite> <!-- by.stormnet.web.SettingsTest -->
