<?xml version="1.0" encoding="UTF-8"?>
<!-- Generated by org.testng.reporters.JUnitReportReporter -->
<testsuite skipped="0" hostname="AliaksandrDryschyts" name="api.ApiTest" tests="4" failures="0" timestamp="2020-02-25T16:36:22 MSK" time="16.330" errors="0">
  <testcase name="registrationApiStepFour" time="2.244" classname="api.ApiTest"/>
  <testcase name="registrationApiStepTwo" time="0.218" classname="api.ApiTest"/>
  <testcase name="registrationApiStepThree" time="1.865" classname="api.ApiTest"/>
  <testcase name="registrationApiStepOne" time="12.003" classname="api.ApiTest"/>
</testsuite> <!-- api.ApiTest -->
