<?xml version="1.0" encoding="UTF-8"?>
<!-- Generated by org.testng.reporters.JUnitReportReporter -->
<testsuite skipped="0" hostname="AliaksandrDryschyts" name="by.stormnet.web.RegistrationFrontTest" tests="4" failures="0" timestamp="2020-02-21T11:13:05 MSK" time="20.784" errors="0">
  <testcase name="registrationStepTwoThree" time="3.625" classname="by.stormnet.web.RegistrationFrontTest"/>
  <testcase name="registrationStepTwoFour" time="3.796" classname="by.stormnet.web.RegistrationFrontTest"/>
  <testcase name="registrationStepTwoTest" time="2.926" classname="by.stormnet.web.RegistrationFrontTest"/>
  <testcase name="registrationStepOneTest" time="10.437" classname="by.stormnet.web.RegistrationFrontTest"/>
</testsuite> <!-- by.stormnet.web.RegistrationFrontTest -->
