<?xml version="1.0" encoding="UTF-8"?>
<!-- Generated by org.testng.reporters.JUnitReportReporter -->
<testsuite skipped="0" hostname="AliaksandrDryschyts" name="by.stormnet.web.CollectionTest" tests="5" failures="0" timestamp="2020-02-20T10:21:51 MSK" time="23.436" errors="0">
  <testcase name="loanCollectionForSale" time="4.417" classname="by.stormnet.web.CollectionTest"/>
  <testcase name="loanCollectionForOutSource" time="4.223" classname="by.stormnet.web.CollectionTest"/>
  <testcase name="loanCollectionForLegalExpert" time="4.977" classname="by.stormnet.web.CollectionTest"/>
  <testcase name="assigmentCollector" time="4.625" classname="by.stormnet.web.CollectionTest"/>
  <testcase name="addCommentCollector" time="5.194" classname="by.stormnet.web.CollectionTest"/>
</testsuite> <!-- by.stormnet.web.CollectionTest -->
