<?xml version="1.0" encoding="UTF-8"?>
<!-- Generated by org.testng.reporters.JUnitReportReporter -->
<testsuite skipped="0" hostname="AliaksandrDryschyts" name="by.stormnet.web.CollectionTest" tests="5" failures="0" timestamp="2020-02-26T13:03:55 MSK" time="18.899" errors="0">
  <testcase name="loanCollectionForSale" time="3.776" classname="by.stormnet.web.CollectionTest"/>
  <testcase name="loanCollectionForOutSource" time="3.675" classname="by.stormnet.web.CollectionTest"/>
  <testcase name="loanCollectionForLegalExpert" time="3.676" classname="by.stormnet.web.CollectionTest"/>
  <testcase name="assigmentCollector" time="3.589" classname="by.stormnet.web.CollectionTest"/>
  <testcase name="addCommentCollector" time="4.183" classname="by.stormnet.web.CollectionTest"/>
</testsuite> <!-- by.stormnet.web.CollectionTest -->
