<?xml version="1.0" encoding="UTF-8"?>
<!-- Generated by org.testng.reporters.JUnitReportReporter -->
<testsuite skipped="0" hostname="AliaksandrDryschyts" name="by.stormnet.web.RegistrationFrontTest" tests="4" failures="0" timestamp="2020-02-24T16:21:35 MSK" time="22.079" errors="0">
  <testcase name="registrationStepTwoFour" time="3.710" classname="by.stormnet.web.RegistrationFrontTest"/>
  <testcase name="registrationStepTwoThree" time="4.068" classname="by.stormnet.web.RegistrationFrontTest"/>
  <testcase name="registrationStepTwoTest" time="2.926" classname="by.stormnet.web.RegistrationFrontTest"/>
  <testcase name="registrationStepOneTest" time="11.375" classname="by.stormnet.web.RegistrationFrontTest"/>
</testsuite> <!-- by.stormnet.web.RegistrationFrontTest -->
