<?xml version="1.0" encoding="UTF-8"?>
<!-- Generated by org.testng.reporters.JUnitReportReporter -->
<testsuite skipped="0" hostname="AliaksandrDryschyts" name="by.stormnet.web.SettingsTest" tests="6" failures="0" timestamp="2020-02-26T12:22:58 MSK" time="14.863" errors="0">
  <testcase name="addNewAdmin" time="2.310" classname="by.stormnet.web.SettingsTest"/>
  <testcase name="addAffilate" time="2.566" classname="by.stormnet.web.SettingsTest"/>
  <testcase name="addRemainder" time="1.884" classname="by.stormnet.web.SettingsTest"/>
  <testcase name="addMarketingSettings" time="4.529" classname="by.stormnet.web.SettingsTest"/>
  <testcase name="addRegion" time="1.804" classname="by.stormnet.web.SettingsTest"/>
  <testcase name="addCity" time="1.770" classname="by.stormnet.web.SettingsTest"/>
</testsuite> <!-- by.stormnet.web.SettingsTest -->
