<?xml version="1.0" encoding="UTF-8"?>
<!-- Generated by org.testng.reporters.JUnitReportReporter -->
<testsuite skipped="0" hostname="AliaksandrDryschyts" name="by.stormnet.web.SettingsTest" tests="6" failures="0" timestamp="2020-02-26T13:03:55 MSK" time="14.973" errors="0">
  <testcase name="addNewAdmin" time="2.434" classname="by.stormnet.web.SettingsTest"/>
  <testcase name="addAffilate" time="2.117" classname="by.stormnet.web.SettingsTest"/>
  <testcase name="addRemainder" time="2.195" classname="by.stormnet.web.SettingsTest"/>
  <testcase name="addMarketingSettings" time="4.708" classname="by.stormnet.web.SettingsTest"/>
  <testcase name="addRegion" time="1.761" classname="by.stormnet.web.SettingsTest"/>
  <testcase name="addCity" time="1.758" classname="by.stormnet.web.SettingsTest"/>
</testsuite> <!-- by.stormnet.web.SettingsTest -->
