<?xml version="1.0" encoding="UTF-8"?>
<!-- Generated by org.testng.reporters.JUnitReportReporter -->
<testsuite skipped="0" hostname="AliaksandrDryschyts" name="api.ApiTest" tests="4" failures="0" timestamp="2020-02-20T10:21:51 MSK" time="6.343" errors="0">
  <testcase name="registrationStepFour" time="2.145" classname="api.ApiTest"/>
  <testcase name="registrationStepOne" time="1.969" classname="api.ApiTest"/>
  <testcase name="registrationStepThree" time="2.022" classname="api.ApiTest"/>
  <testcase name="registrationStepTwo" time="0.207" classname="api.ApiTest"/>
</testsuite> <!-- api.ApiTest -->
