<?xml version="1.0" encoding="UTF-8"?>
<!-- Generated by org.testng.reporters.JUnitReportReporter -->
<testsuite skipped="0" hostname="AliaksandrDryschyts" name="by.stormnet.web.SettingsTest" tests="6" failures="0" timestamp="2020-02-24T16:21:35 MSK" time="15.159" errors="0">
  <testcase name="addNewAdmin" time="2.460" classname="by.stormnet.web.SettingsTest"/>
  <testcase name="addAffilate" time="2.290" classname="by.stormnet.web.SettingsTest"/>
  <testcase name="addRemainder" time="2.084" classname="by.stormnet.web.SettingsTest"/>
  <testcase name="addMarketingSettings" time="4.508" classname="by.stormnet.web.SettingsTest"/>
  <testcase name="addRegion" time="1.912" classname="by.stormnet.web.SettingsTest"/>
  <testcase name="addCity" time="1.905" classname="by.stormnet.web.SettingsTest"/>
</testsuite> <!-- by.stormnet.web.SettingsTest -->
