<?xml version="1.0" encoding="UTF-8"?>
<!-- Generated by org.testng.reporters.JUnitReportReporter -->
<testsuite skipped="0" hostname="AliaksandrDryschyts" name="by.stormnet.web.RegistrationFrontTest" tests="4" failures="0" timestamp="2020-02-25T09:52:56 MSK" time="23.581" errors="0">
  <testcase name="registrationStepTwoFour" time="3.910" classname="by.stormnet.web.RegistrationFrontTest"/>
  <testcase name="registrationStepTwoThree" time="4.450" classname="by.stormnet.web.RegistrationFrontTest"/>
  <testcase name="registrationStepTwoTest" time="3.234" classname="by.stormnet.web.RegistrationFrontTest"/>
  <testcase name="registrationStepOneTest" time="11.987" classname="by.stormnet.web.RegistrationFrontTest"/>
</testsuite> <!-- by.stormnet.web.RegistrationFrontTest -->
