<?xml version="1.0" encoding="UTF-8"?>
<!-- Generated by org.testng.reporters.JUnitReportReporter -->
<testsuite skipped="0" hostname="AliaksandrDryschyts" name="by.stormnet.web.SettingsTest" tests="6" failures="0" timestamp="2020-02-25T09:52:56 MSK" time="17.380" errors="0">
  <testcase name="addNewAdmin" time="2.501" classname="by.stormnet.web.SettingsTest"/>
  <testcase name="addAffilate" time="1.960" classname="by.stormnet.web.SettingsTest"/>
  <testcase name="addRemainder" time="1.971" classname="by.stormnet.web.SettingsTest"/>
  <testcase name="addMarketingSettings" time="5.124" classname="by.stormnet.web.SettingsTest"/>
  <testcase name="addRegion" time="3.383" classname="by.stormnet.web.SettingsTest"/>
  <testcase name="addCity" time="2.441" classname="by.stormnet.web.SettingsTest"/>
</testsuite> <!-- by.stormnet.web.SettingsTest -->
