<?xml version="1.0" encoding="UTF-8"?>
<!-- Generated by org.testng.reporters.JUnitReportReporter -->
<testsuite skipped="0" hostname="AliaksandrDryschyts" name="api.ApiTest" tests="4" failures="0" timestamp="2020-02-25T11:40:56 MSK" time="11.113" errors="0">
  <testcase name="registrationApiStepTwo" time="0.258" classname="api.ApiTest"/>
  <testcase name="registrationApiStepThree" time="1.853" classname="api.ApiTest"/>
  <testcase name="registrationApiStepFour" time="2.498" classname="api.ApiTest"/>
  <testcase name="registrationApiStepOne" time="6.504" classname="api.ApiTest"/>
</testsuite> <!-- api.ApiTest -->
