<?xml version="1.0" encoding="UTF-8"?>
<!-- Generated by org.testng.reporters.JUnitReportReporter -->
<testsuite skipped="0" hostname="AliaksandrDryschyts" name="api.ApiTest" tests="4" failures="0" timestamp="2020-02-20T17:31:43 MSK" time="6.313" errors="0">
  <testcase name="registrationStepThree" time="1.990" classname="api.ApiTest"/>
  <testcase name="registrationStepOne" time="1.870" classname="api.ApiTest"/>
  <testcase name="registrationStepFour" time="2.222" classname="api.ApiTest"/>
  <testcase name="registrationStepTwo" time="0.231" classname="api.ApiTest"/>
</testsuite> <!-- api.ApiTest -->
