<?xml version="1.0" encoding="UTF-8"?>
<!-- Generated by org.testng.reporters.JUnitReportReporter -->
<testsuite skipped="1" hostname="AliaksandrDryschyts" name="by.stormnet.web.RegistrationFrontTest" tests="5" failures="0" timestamp="2020-02-24T16:26:55 MSK" time="25.683" errors="0">
  <testcase name="registrationStepTwoFour" time="3.722" classname="by.stormnet.web.RegistrationFrontTest"/>
  <testcase name="registrationStepTwoTest" time="5.019" classname="by.stormnet.web.RegistrationFrontTest">
    <skipped/>
  </testcase> <!-- registrationStepTwoTest -->
  <testcase name="registrationStepOneTest" time="11.135" classname="by.stormnet.web.RegistrationFrontTest"/>
  <testcase name="registrationStepTwoTest" time="1.757" classname="by.stormnet.web.RegistrationFrontTest"/>
  <testcase name="registrationStepTwoThree" time="4.050" classname="by.stormnet.web.RegistrationFrontTest"/>
</testsuite> <!-- by.stormnet.web.RegistrationFrontTest -->
