<?xml version="1.0" encoding="UTF-8"?>
<!-- Generated by org.testng.reporters.JUnitReportReporter -->
<testsuite skipped="0" hostname="AliaksandrDryschyts" name="by.stormnet.web.SettingsTest" tests="6" failures="0" timestamp="2020-02-25T11:40:56 MSK" time="14.255" errors="0">
  <testcase name="addNewAdmin" time="2.285" classname="by.stormnet.web.SettingsTest"/>
  <testcase name="addAffilate" time="2.081" classname="by.stormnet.web.SettingsTest"/>
  <testcase name="addRemainder" time="1.855" classname="by.stormnet.web.SettingsTest"/>
  <testcase name="addMarketingSettings" time="4.423" classname="by.stormnet.web.SettingsTest"/>
  <testcase name="addRegion" time="1.777" classname="by.stormnet.web.SettingsTest"/>
  <testcase name="addCity" time="1.834" classname="by.stormnet.web.SettingsTest"/>
</testsuite> <!-- by.stormnet.web.SettingsTest -->
