<?xml version="1.0" encoding="UTF-8"?>
<!-- Generated by org.testng.reporters.JUnitReportReporter -->
<testsuite skipped="2" hostname="AliaksandrDryschyts" name="api.ApiTest" tests="6" failures="0" timestamp="2020-02-26T10:48:05 MSK" time="28.387" errors="0">
  <testcase name="registrationApiStepThree" time="1.907" classname="api.ApiTest">
    <skipped/>
  </testcase> <!-- registrationApiStepThree -->
  <testcase name="registrationApiStepThree" time="1.722" classname="api.ApiTest"/>
  <testcase name="registrationApiStepFour" time="2.253" classname="api.ApiTest"/>
  <testcase name="registrationApiStepTwo" time="0.205" classname="api.ApiTest"/>
  <testcase name="registrationApiStepOne" time="10.528" classname="api.ApiTest"/>
  <testcase name="registrationApiStepOne" time="11.772" classname="api.ApiTest">
    <skipped/>
  </testcase> <!-- registrationApiStepOne -->
</testsuite> <!-- api.ApiTest -->
