<?xml version="1.0" encoding="UTF-8"?>
<!-- Generated by org.testng.reporters.JUnitReportReporter -->
<testsuite skipped="2" hostname="AliaksandrDryschyts" name="api.ApiTest" tests="6" failures="0" timestamp="2020-02-21T13:46:27 MSK" time="7.134" errors="0">
  <testcase name="registrationStepOne" time="1.731" classname="api.ApiTest">
    <skipped/>
  </testcase> <!-- registrationStepOne -->
  <testcase name="registrationStepOne" time="0.579" classname="api.ApiTest">
    <skipped/>
  </testcase> <!-- registrationStepOne -->
  <testcase name="registrationStepThree" time="1.858" classname="api.ApiTest"/>
  <testcase name="registrationStepOne" time="0.631" classname="api.ApiTest"/>
  <testcase name="registrationStepTwo" time="0.243" classname="api.ApiTest"/>
  <testcase name="registrationStepFour" time="2.092" classname="api.ApiTest"/>
</testsuite> <!-- api.ApiTest -->
