<?xml version="1.0" encoding="UTF-8"?>
<!-- Generated by org.testng.reporters.JUnitReportReporter -->
<testsuite skipped="0" hostname="AliaksandrDryschyts" name="by.stormnet.web.RegistrationFrontTest" tests="4" failures="0" timestamp="2020-02-20T10:21:51 MSK" time="23.769" errors="0">
  <testcase name="registrationStepTwoTest" time="3.333" classname="by.stormnet.web.RegistrationFrontTest"/>
  <testcase name="registrationStepTwoFour" time="4.060" classname="by.stormnet.web.RegistrationFrontTest"/>
  <testcase name="registrationStepOneTest" time="12.569" classname="by.stormnet.web.RegistrationFrontTest"/>
  <testcase name="registrationStepTwoThree" time="3.807" classname="by.stormnet.web.RegistrationFrontTest"/>
</testsuite> <!-- by.stormnet.web.RegistrationFrontTest -->
