<?xml version="1.0" encoding="UTF-8"?>
<!-- Generated by org.testng.reporters.JUnitReportReporter -->
<testsuite skipped="0" hostname="AliaksandrDryschyts" name="by.stormnet.web.LoanTest" tests="17" failures="0" timestamp="2020-02-21T11:13:05 MSK" time="55.931" errors="0">
  <testcase name="approvalLoanTwo" time="6.252" classname="by.stormnet.web.LoanTest"/>
  <testcase name="approvalLoanOne" time="5.947" classname="by.stormnet.web.LoanTest"/>
  <testcase name="approvalLoanClient" time="3.272" classname="by.stormnet.web.LoanTest"/>
  <testcase name="approvalLoanClient" time="3.840" classname="by.stormnet.web.LoanTest"/>
  <testcase name="giveOutLoan" time="3.313" classname="by.stormnet.web.LoanTest"/>
  <testcase name="addCommenFromLoan" time="1.243" classname="by.stormnet.web.LoanTest"/>
  <testcase name="changeLoanDate" time="1.394" classname="by.stormnet.web.LoanTest"/>
  <testcase name="incameTest" time="3.573" classname="by.stormnet.web.LoanTest"/>
  <testcase name="incameTest" time="2.931" classname="by.stormnet.web.LoanTest"/>
  <testcase name="incameTest" time="3.432" classname="by.stormnet.web.LoanTest"/>
  <testcase name="assigmentVerifier" time="5.874" classname="by.stormnet.web.LoanTest"/>
  <testcase name="stopCashFromLoan" time="1.975" classname="by.stormnet.web.LoanTest"/>
  <testcase name="returnCashFromLoan" time="1.293" classname="by.stormnet.web.LoanTest"/>
  <testcase name="makeOverdue" time="1.337" classname="by.stormnet.web.LoanTest"/>
  <testcase name="closeLoan" time="2.185" classname="by.stormnet.web.LoanTest"/>
  <testcase name="errorWorkingLoan" time="3.628" classname="by.stormnet.web.LoanTest"/>
  <testcase name="stopFromLoan" time="4.442" classname="by.stormnet.web.LoanTest"/>
</testsuite> <!-- by.stormnet.web.LoanTest -->
