<?xml version="1.0" encoding="UTF-8"?>
<!-- Generated by org.testng.reporters.JUnitReportReporter -->
<testsuite skipped="0" hostname="AliaksandrDryschyts" name="by.stormnet.web.CollectionTest" tests="5" failures="0" timestamp="2020-02-26T12:22:58 MSK" time="19.807" errors="0">
  <testcase name="loanCollectionForSale" time="3.911" classname="by.stormnet.web.CollectionTest"/>
  <testcase name="loanCollectionForOutSource" time="3.693" classname="by.stormnet.web.CollectionTest"/>
  <testcase name="loanCollectionForLegalExpert" time="3.844" classname="by.stormnet.web.CollectionTest"/>
  <testcase name="assigmentCollector" time="3.715" classname="by.stormnet.web.CollectionTest"/>
  <testcase name="addCommentCollector" time="4.644" classname="by.stormnet.web.CollectionTest"/>
</testsuite> <!-- by.stormnet.web.CollectionTest -->
