<?xml version="1.0" encoding="UTF-8"?>
<!-- Generated by org.testng.reporters.JUnitReportReporter -->
<testsuite skipped="0" hostname="AliaksandrDryschyts" name="by.stormnet.web.LoanTest" tests="15" failures="0" timestamp="2020-02-20T10:21:51 MSK" time="47.094" errors="0">
  <testcase name="approvalLoan" time="5.804" classname="by.stormnet.web.LoanTest"/>
  <testcase name="approvalLoanClient" time="3.508" classname="by.stormnet.web.LoanTest"/>
  <testcase name="giveOutLoan" time="3.088" classname="by.stormnet.web.LoanTest"/>
  <testcase name="addCommenFromLoan" time="1.221" classname="by.stormnet.web.LoanTest"/>
  <testcase name="assigmentVerifier" time="5.206" classname="by.stormnet.web.LoanTest"/>
  <testcase name="stopCashFromLoan" time="1.058" classname="by.stormnet.web.LoanTest"/>
  <testcase name="returnCashFromLoan" time="1.021" classname="by.stormnet.web.LoanTest"/>
  <testcase name="changeLoanDate" time="1.406" classname="by.stormnet.web.LoanTest"/>
  <testcase name="makeOverdue" time="1.117" classname="by.stormnet.web.LoanTest"/>
  <testcase name="closeLoan" time="1.675" classname="by.stormnet.web.LoanTest"/>
  <testcase name="stopFromLoan" time="3.279" classname="by.stormnet.web.LoanTest"/>
  <testcase name="errorWorkingLoan" time="3.521" classname="by.stormnet.web.LoanTest"/>
  <testcase name="incameTest" time="5.172" classname="by.stormnet.web.LoanTest"/>
  <testcase name="incameTest" time="4.841" classname="by.stormnet.web.LoanTest"/>
  <testcase name="incameTest" time="5.177" classname="by.stormnet.web.LoanTest"/>
</testsuite> <!-- by.stormnet.web.LoanTest -->
