<?xml version="1.0" encoding="UTF-8"?>
<!-- Generated by org.testng.reporters.JUnitReportReporter -->
<testsuite skipped="2" hostname="AliaksandrDryschyts" name="api.ApiTest" tests="6" failures="0" timestamp="2020-02-24T16:21:35 MSK" time="10.534" errors="0">
  <testcase name="registrationStepThree" time="1.821" classname="api.ApiTest"/>
  <testcase name="registrationStepThree" time="3.966" classname="api.ApiTest">
    <skipped/>
  </testcase> <!-- registrationStepThree -->
  <testcase name="registrationStepTwo" time="0.229" classname="api.ApiTest"/>
  <testcase name="registrationStepFour" time="2.237" classname="api.ApiTest"/>
  <testcase name="registrationStepOne" time="1.717" classname="api.ApiTest">
    <skipped/>
  </testcase> <!-- registrationStepOne -->
  <testcase name="registrationStepOne" time="0.564" classname="api.ApiTest"/>
</testsuite> <!-- api.ApiTest -->
