<?xml version="1.0" encoding="UTF-8"?>
<!-- Generated by org.testng.reporters.JUnitReportReporter -->
<testsuite skipped="0" hostname="AliaksandrDryschyts" name="by.stormnet.web.LoanTest" tests="16" failures="0" timestamp="2020-02-21T13:46:27 MSK" time="46.424" errors="0">
  <testcase name="approvalLoanTwo" time="5.800" classname="by.stormnet.web.LoanTest"/>
  <testcase name="approvalLoanOne" time="5.664" classname="by.stormnet.web.LoanTest"/>
  <testcase name="approvalLoanClient" time="3.358" classname="by.stormnet.web.LoanTest"/>
  <testcase name="approvalLoanClient" time="3.412" classname="by.stormnet.web.LoanTest"/>
  <testcase name="giveOutLoan" time="3.180" classname="by.stormnet.web.LoanTest"/>
  <testcase name="addCommenFromLoan" time="1.238" classname="by.stormnet.web.LoanTest"/>
  <testcase name="changeLoanDate" time="1.341" classname="by.stormnet.web.LoanTest"/>
  <testcase name="incameTest" time="2.895" classname="by.stormnet.web.LoanTest"/>
  <testcase name="incameTest" time="2.754" classname="by.stormnet.web.LoanTest"/>
  <testcase name="assigmentVerifier" time="5.277" classname="by.stormnet.web.LoanTest"/>
  <testcase name="stopCashFromLoan" time="1.059" classname="by.stormnet.web.LoanTest"/>
  <testcase name="returnCashFromLoan" time="1.061" classname="by.stormnet.web.LoanTest"/>
  <testcase name="makeOverdue" time="0.997" classname="by.stormnet.web.LoanTest"/>
  <testcase name="closeLoan" time="1.881" classname="by.stormnet.web.LoanTest"/>
  <testcase name="errorWorkingLoan" time="3.107" classname="by.stormnet.web.LoanTest"/>
  <testcase name="stopFromLoan" time="3.400" classname="by.stormnet.web.LoanTest"/>
</testsuite> <!-- by.stormnet.web.LoanTest -->
