<?xml version="1.0" encoding="UTF-8"?>
<!-- Generated by org.testng.reporters.JUnitReportReporter -->
<testsuite skipped="1" hostname="AliaksandrDryschyts" name="api.ApiTest" tests="5" failures="0" timestamp="2020-02-24T16:26:55 MSK" time="6.639" errors="0">
  <testcase name="registrationStepTwo" time="0.226" classname="api.ApiTest"/>
  <testcase name="registrationStepFour" time="2.132" classname="api.ApiTest"/>
  <testcase name="registrationStepThree" time="2.001" classname="api.ApiTest"/>
  <testcase name="registrationStepOne" time="1.746" classname="api.ApiTest">
    <skipped/>
  </testcase> <!-- registrationStepOne -->
  <testcase name="registrationStepOne" time="0.534" classname="api.ApiTest"/>
</testsuite> <!-- api.ApiTest -->
