<?xml version="1.0" encoding="UTF-8"?>
<!-- Generated by org.testng.reporters.JUnitReportReporter -->
<testsuite skipped="0" hostname="AliaksandrDryschyts" name="by.stormnet.web.LoanTest" tests="15" failures="0" timestamp="2020-02-26T12:22:58 MSK" time="44.625" errors="0">
  <testcase name="approvalLoanTwo" time="5.671" classname="by.stormnet.web.LoanTest"/>
  <testcase name="approvalLoanOne" time="6.167" classname="by.stormnet.web.LoanTest"/>
  <testcase name="approvalLoanClient" time="3.516" classname="by.stormnet.web.LoanTest"/>
  <testcase name="approvalLoanClient" time="3.339" classname="by.stormnet.web.LoanTest"/>
  <testcase name="giveOutLoan" time="3.359" classname="by.stormnet.web.LoanTest"/>
  <testcase name="addCommenFromLoan" time="1.277" classname="by.stormnet.web.LoanTest"/>
  <testcase name="changeLoanDate" time="1.543" classname="by.stormnet.web.LoanTest"/>
  <testcase name="incameTest" time="2.905" classname="by.stormnet.web.LoanTest"/>
  <testcase name="assigmentVerifier" time="5.254" classname="by.stormnet.web.LoanTest"/>
  <testcase name="stopCashFromLoan" time="0.971" classname="by.stormnet.web.LoanTest"/>
  <testcase name="returnCashFromLoan" time="1.035" classname="by.stormnet.web.LoanTest"/>
  <testcase name="makeOverdue" time="1.026" classname="by.stormnet.web.LoanTest"/>
  <testcase name="closeLoan" time="1.959" classname="by.stormnet.web.LoanTest"/>
  <testcase name="errorWorkingLoan" time="2.936" classname="by.stormnet.web.LoanTest"/>
  <testcase name="stopFromLoan" time="3.667" classname="by.stormnet.web.LoanTest"/>
</testsuite> <!-- by.stormnet.web.LoanTest -->
