<?xml version="1.0" encoding="UTF-8"?>
<!-- Generated by org.testng.reporters.JUnitReportReporter -->
<testsuite skipped="4" hostname="AliaksandrDryschyts" name="by.stormnet.web.RegistrationFrontTest" tests="8" failures="0" timestamp="2020-02-20T17:31:43 MSK" time="24.400" errors="0">
  <testcase name="registrationStepOneTest" time="12.034" classname="by.stormnet.web.RegistrationFrontTest"/>
  <testcase name="registrationStepTwoFour" time="0.779" classname="by.stormnet.web.RegistrationFrontTest">
    <skipped/>
  </testcase> <!-- registrationStepTwoFour -->
  <testcase name="registrationStepTwoTest" time="2.844" classname="by.stormnet.web.RegistrationFrontTest"/>
  <testcase name="registrationStepTwoThree" time="3.611" classname="by.stormnet.web.RegistrationFrontTest"/>
  <testcase name="registrationStepTwoFour" time="0.352" classname="by.stormnet.web.RegistrationFrontTest">
    <skipped/>
  </testcase> <!-- registrationStepTwoFour -->
  <testcase name="registrationStepTwoFour" time="3.482" classname="by.stormnet.web.RegistrationFrontTest"/>
  <testcase name="registrationStepTwoFour" time="0.564" classname="by.stormnet.web.RegistrationFrontTest">
    <skipped/>
  </testcase> <!-- registrationStepTwoFour -->
  <testcase name="registrationStepTwoFour" time="0.734" classname="by.stormnet.web.RegistrationFrontTest">
    <skipped/>
  </testcase> <!-- registrationStepTwoFour -->
</testsuite> <!-- by.stormnet.web.RegistrationFrontTest -->
