<?xml version="1.0" encoding="UTF-8"?>
<!-- Generated by org.testng.reporters.JUnitReportReporter -->
<testsuite skipped="0" hostname="AliaksandrDryschyts" name="by.stormnet.web.LoanTest" tests="16" failures="0" timestamp="2020-02-21T12:08:42 MSK" time="49.620" errors="0">
  <testcase name="approvalLoanTwo" time="5.943" classname="by.stormnet.web.LoanTest"/>
  <testcase name="approvalLoanOne" time="6.125" classname="by.stormnet.web.LoanTest"/>
  <testcase name="approvalLoanClient" time="3.381" classname="by.stormnet.web.LoanTest"/>
  <testcase name="approvalLoanClient" time="3.500" classname="by.stormnet.web.LoanTest"/>
  <testcase name="giveOutLoan" time="3.386" classname="by.stormnet.web.LoanTest"/>
  <testcase name="addCommenFromLoan" time="1.351" classname="by.stormnet.web.LoanTest"/>
  <testcase name="changeLoanDate" time="1.527" classname="by.stormnet.web.LoanTest"/>
  <testcase name="incameTest" time="3.327" classname="by.stormnet.web.LoanTest"/>
  <testcase name="incameTest" time="2.973" classname="by.stormnet.web.LoanTest"/>
  <testcase name="assigmentVerifier" time="5.401" classname="by.stormnet.web.LoanTest"/>
  <testcase name="stopCashFromLoan" time="1.110" classname="by.stormnet.web.LoanTest"/>
  <testcase name="returnCashFromLoan" time="1.143" classname="by.stormnet.web.LoanTest"/>
  <testcase name="makeOverdue" time="1.119" classname="by.stormnet.web.LoanTest"/>
  <testcase name="closeLoan" time="1.772" classname="by.stormnet.web.LoanTest"/>
  <testcase name="errorWorkingLoan" time="3.948" classname="by.stormnet.web.LoanTest"/>
  <testcase name="stopFromLoan" time="3.614" classname="by.stormnet.web.LoanTest"/>
</testsuite> <!-- by.stormnet.web.LoanTest -->
