<?xml version="1.0" encoding="UTF-8"?>
<!-- Generated by org.testng.reporters.JUnitReportReporter -->
<testsuite skipped="0" hostname="AliaksandrDryschyts" name="by.stormnet.web.CollectionTest" tests="5" failures="0" timestamp="2020-02-21T11:13:05 MSK" time="25.425" errors="0">
  <testcase name="loanCollectionForSale" time="5.221" classname="by.stormnet.web.CollectionTest"/>
  <testcase name="loanCollectionForOutSource" time="5.559" classname="by.stormnet.web.CollectionTest"/>
  <testcase name="loanCollectionForLegalExpert" time="5.264" classname="by.stormnet.web.CollectionTest"/>
  <testcase name="assigmentCollector" time="4.582" classname="by.stormnet.web.CollectionTest"/>
  <testcase name="addCommentCollector" time="4.799" classname="by.stormnet.web.CollectionTest"/>
</testsuite> <!-- by.stormnet.web.CollectionTest -->
