<?xml version="1.0" encoding="UTF-8"?>
<!-- Generated by org.testng.reporters.JUnitReportReporter -->
<testsuite skipped="0" hostname="AliaksandrDryschyts" name="api.ApiTest" tests="4" failures="0" timestamp="2020-02-21T12:08:42 MSK" time="5.947" errors="0">
  <testcase name="registrationStepFour" time="2.187" classname="api.ApiTest"/>
  <testcase name="registrationStepOne" time="1.631" classname="api.ApiTest"/>
  <testcase name="registrationStepThree" time="1.867" classname="api.ApiTest"/>
  <testcase name="registrationStepTwo" time="0.262" classname="api.ApiTest"/>
</testsuite> <!-- api.ApiTest -->
