<?xml version="1.0" encoding="UTF-8"?>
<!-- Generated by org.testng.reporters.JUnitReportReporter -->
<testsuite skipped="1" hostname="AliaksandrDryschyts" name="api.ApiTest" tests="5" failures="0" timestamp="2020-02-26T12:22:58 MSK" time="18.127" errors="0">
  <testcase name="registrationApiStepTwo" time="0.223" classname="api.ApiTest"/>
  <testcase name="registrationApiStepThree" time="1.896" classname="api.ApiTest"/>
  <testcase name="registrationApiStepThree" time="1.814" classname="api.ApiTest">
    <skipped/>
  </testcase> <!-- registrationApiStepThree -->
  <testcase name="registrationApiStepFour" time="2.306" classname="api.ApiTest"/>
  <testcase name="registrationApiStepOne" time="11.888" classname="api.ApiTest"/>
</testsuite> <!-- api.ApiTest -->
