<?xml version="1.0" encoding="UTF-8"?>
<!-- Generated by org.testng.reporters.JUnitReportReporter -->
<testsuite skipped="19" hostname="AliaksandrDryschyts" name="by.stormnet.web.LoanTest" tests="20" failures="0" timestamp="2020-02-20T17:31:43 MSK" time="1.309" errors="1">
  <testcase name="setUp" time="1.309" classname="by.stormnet.web.LoanTest">
    <error type="org.openqa.selenium.NoSuchElementException" message="no such element: Unable to locate element: {&quot;method&quot;:&quot;css selector&quot;,&quot;selector&quot;:&quot;#username&quot;}
  (Session info: chrome=80.0.3987.116)
For documentation on this error, please visit: https://www.seleniumhq.org/exceptions/no_such_element.html
Build info: version: &#039;3.141.59&#039;, revision: &#039;e82be7d358&#039;, time: &#039;2018-11-14T08:17:03&#039;
System info: host: &#039;ALIAKSANDRDRYSC&#039;, ip: &#039;192.168.246.192&#039;, os.name: &#039;Windows 10&#039;, os.arch: &#039;amd64&#039;, os.version: &#039;10.0&#039;, java.version: &#039;1.8.0_181&#039;
Driver info: org.openqa.selenium.chrome.ChromeDriver
Capabilities {acceptInsecureCerts: false, browserName: chrome, browserVersion: 80.0.3987.116, chrome: {chromedriverVersion: 80.0.3987.16 (320f6526c1632..., userDataDir: C:\Users\USER\AppData\Local...}, goog:chromeOptions: {debuggerAddress: localhost:60761}, javascriptEnabled: true, networkConnectionEnabled: false, pageLoadStrategy: normal, platform: WINDOWS, platformName: WINDOWS, proxy: Proxy(), setWindowRect: true, strictFileInteractability: false, timeouts: {implicit: 0, pageLoad: 300000, script: 30000}, unhandledPromptBehavior: dismiss and notify}
Session ID: 18cc2dfd41a057d9cbf7f4751cbc5650
*** Element info: {Using=id, value=username}">
      <![CDATA[org.openqa.selenium.NoSuchElementException: no such element: Unable to locate element: {"method":"css selector","selector":"#username"}
  (Session info: chrome=80.0.3987.116)
For documentation on this error, please visit: https://www.seleniumhq.org/exceptions/no_such_element.html
Build info: version: '3.141.59', revision: 'e82be7d358', time: '2018-11-14T08:17:03'
System info: host: 'ALIAKSANDRDRYSC', ip: '192.168.246.192', os.name: 'Windows 10', os.arch: 'amd64', os.version: '10.0', java.version: '1.8.0_181'
Driver info: org.openqa.selenium.chrome.ChromeDriver
Capabilities {acceptInsecureCerts: false, browserName: chrome, browserVersion: 80.0.3987.116, chrome: {chromedriverVersion: 80.0.3987.16 (320f6526c1632..., userDataDir: C:\Users\USER\AppData\Local...}, goog:chromeOptions: {debuggerAddress: localhost:60761}, javascriptEnabled: true, networkConnectionEnabled: false, pageLoadStrategy: normal, platform: WINDOWS, platformName: WINDOWS, proxy: Proxy(), setWindowRect: true, strictFileInteractability: false, timeouts: {implicit: 0, pageLoad: 300000, script: 30000}, unhandledPromptBehavior: dismiss and notify}
Session ID: 18cc2dfd41a057d9cbf7f4751cbc5650
*** Element info: {Using=id, value=username}
at sun.reflect.NativeConstructorAccessorImpl.newInstance0(Native Method)
at sun.reflect.NativeConstructorAccessorImpl.newInstance(NativeConstructorAccessorImpl.java:62)
at sun.reflect.DelegatingConstructorAccessorImpl.newInstance(DelegatingConstructorAccessorImpl.java:45)
at java.lang.reflect.Constructor.newInstance(Constructor.java:423)
at org.openqa.selenium.remote.http.W3CHttpResponseCodec.createException(W3CHttpResponseCodec.java:187)
at org.openqa.selenium.remote.http.W3CHttpResponseCodec.decode(W3CHttpResponseCodec.java:122)
at org.openqa.selenium.remote.http.W3CHttpResponseCodec.decode(W3CHttpResponseCodec.java:49)
at org.openqa.selenium.remote.HttpCommandExecutor.execute(HttpCommandExecutor.java:158)
at org.openqa.selenium.remote.service.DriverCommandExecutor.execute(DriverCommandExecutor.java:83)
at org.openqa.selenium.remote.RemoteWebDriver.execute(RemoteWebDriver.java:552)
at org.openqa.selenium.remote.RemoteWebDriver.findElement(RemoteWebDriver.java:323)
at org.openqa.selenium.remote.RemoteWebDriver.findElementById(RemoteWebDriver.java:372)
at org.openqa.selenium.By$ById.findElement(By.java:188)
at org.openqa.selenium.remote.RemoteWebDriver.findElement(RemoteWebDriver.java:315)
at by.stormnet.web.pages.AbstractPage.getElementById(AbstractPage.java:124)
at by.stormnet.web.pages.AbstractPage.fillUsernameField(AbstractPage.java:64)
at by.stormnet.web.helpers.AbsractHelper.loginAdmin(AbsractHelper.java:12)
at by.stormnet.web.LoanTest.setUp(LoanTest.java:24)
at sun.reflect.NativeMethodAccessorImpl.invoke0(Native Method)
at sun.reflect.NativeMethodAccessorImpl.invoke(NativeMethodAccessorImpl.java:62)
at sun.reflect.DelegatingMethodAccessorImpl.invoke(DelegatingMethodAccessorImpl.java:43)
at java.lang.reflect.Method.invoke(Method.java:498)
at org.testng.internal.MethodInvocationHelper.invokeMethod(MethodInvocationHelper.java:133)
at org.testng.internal.MethodInvocationHelper.invokeMethodConsideringTimeout(MethodInvocationHelper.java:62)
at org.testng.internal.ConfigInvoker.invokeConfigurationMethod(ConfigInvoker.java:340)
at org.testng.internal.ConfigInvoker.invokeConfigurations(ConfigInvoker.java:294)
at org.testng.internal.TestMethodWorker.invokeBeforeClassMethods(TestMethodWorker.java:176)
at org.testng.internal.TestMethodWorker.run(TestMethodWorker.java:122)
at java.util.ArrayList.forEach(ArrayList.java:1257)
at org.testng.TestRunner.privateRun(TestRunner.java:770)
at org.testng.TestRunner.run(TestRunner.java:591)
at org.testng.SuiteRunner.runTest(SuiteRunner.java:402)
at org.testng.SuiteRunner.runSequentially(SuiteRunner.java:396)
at org.testng.SuiteRunner.privateRun(SuiteRunner.java:355)
at org.testng.SuiteRunner.run(SuiteRunner.java:304)
at org.testng.SuiteRunnerWorker.runSuite(SuiteRunnerWorker.java:53)
at org.testng.SuiteRunnerWorker.run(SuiteRunnerWorker.java:96)
at org.testng.TestNG.runSuitesSequentially(TestNG.java:1180)
at org.testng.TestNG.runSuitesLocally(TestNG.java:1102)
at org.testng.TestNG.runSuites(TestNG.java:1032)
at org.testng.TestNG.run(TestNG.java:1000)
at org.apache.maven.surefire.testng.TestNGExecutor.run(TestNGExecutor.java:283)
at org.apache.maven.surefire.testng.TestNGXmlTestSuite.execute(TestNGXmlTestSuite.java:75)
at org.apache.maven.surefire.testng.TestNGProvider.invoke(TestNGProvider.java:120)
at org.apache.maven.surefire.booter.ForkedBooter.runSuitesInProcess(ForkedBooter.java:377)
at org.apache.maven.surefire.booter.ForkedBooter.execute(ForkedBooter.java:138)
at org.apache.maven.surefire.booter.ForkedBooter.run(ForkedBooter.java:465)
at org.apache.maven.surefire.booter.ForkedBooter.main(ForkedBooter.java:451)
]]>
    </error>
  </testcase> <!-- setUp -->
  <testcase name="approvalLoan" time="0.000" classname="by.stormnet.web.LoanTest">
    <skipped/>
  </testcase> <!-- approvalLoan -->
  <testcase name="approvalLoan" time="0.000" classname="by.stormnet.web.LoanTest">
    <skipped/>
  </testcase> <!-- approvalLoan -->
  <testcase name="approvalLoan" time="0.000" classname="by.stormnet.web.LoanTest">
    <skipped/>
  </testcase> <!-- approvalLoan -->
  <testcase name="approvalLoanClient" time="0.000" classname="by.stormnet.web.LoanTest">
    <skipped/>
  </testcase> <!-- approvalLoanClient -->
  <testcase name="approvalLoanClient" time="0.000" classname="by.stormnet.web.LoanTest">
    <skipped/>
  </testcase> <!-- approvalLoanClient -->
  <testcase name="approvalLoanClient" time="0.000" classname="by.stormnet.web.LoanTest">
    <skipped/>
  </testcase> <!-- approvalLoanClient -->
  <testcase name="giveOutLoan" time="0.000" classname="by.stormnet.web.LoanTest">
    <skipped/>
  </testcase> <!-- giveOutLoan -->
  <testcase name="addCommenFromLoan" time="0.000" classname="by.stormnet.web.LoanTest">
    <skipped/>
  </testcase> <!-- addCommenFromLoan -->
  <testcase name="assigmentVerifier" time="0.000" classname="by.stormnet.web.LoanTest">
    <skipped/>
  </testcase> <!-- assigmentVerifier -->
  <testcase name="stopCashFromLoan" time="0.000" classname="by.stormnet.web.LoanTest">
    <skipped/>
  </testcase> <!-- stopCashFromLoan -->
  <testcase name="returnCashFromLoan" time="0.000" classname="by.stormnet.web.LoanTest">
    <skipped/>
  </testcase> <!-- returnCashFromLoan -->
  <testcase name="changeLoanDate" time="0.000" classname="by.stormnet.web.LoanTest">
    <skipped/>
  </testcase> <!-- changeLoanDate -->
  <testcase name="makeOverdue" time="0.000" classname="by.stormnet.web.LoanTest">
    <skipped/>
  </testcase> <!-- makeOverdue -->
  <testcase name="closeLoan" time="0.000" classname="by.stormnet.web.LoanTest">
    <skipped/>
  </testcase> <!-- closeLoan -->
  <testcase name="stopFromLoan" time="0.000" classname="by.stormnet.web.LoanTest">
    <skipped/>
  </testcase> <!-- stopFromLoan -->
  <testcase name="errorWorkingLoan" time="0.000" classname="by.stormnet.web.LoanTest">
    <skipped/>
  </testcase> <!-- errorWorkingLoan -->
  <testcase name="incameTest" time="0.000" classname="by.stormnet.web.LoanTest">
    <skipped/>
  </testcase> <!-- incameTest -->
  <testcase name="incameTest" time="0.000" classname="by.stormnet.web.LoanTest">
    <skipped/>
  </testcase> <!-- incameTest -->
  <testcase name="incameTest" time="0.000" classname="by.stormnet.web.LoanTest">
    <skipped/>
  </testcase> <!-- incameTest -->
</testsuite> <!-- by.stormnet.web.LoanTest -->
