<?xml version="1.0" encoding="UTF-8"?>
<!-- Generated by org.testng.reporters.JUnitReportReporter -->
<testsuite skipped="0" hostname="AliaksandrDryschyts" name="by.stormnet.web.SettingsTest" tests="6" failures="0" timestamp="2020-02-21T12:35:45 MSK" time="17.410" errors="0">
  <testcase name="addNewAdmin" time="2.829" classname="by.stormnet.web.SettingsTest"/>
  <testcase name="addAffilate" time="2.150" classname="by.stormnet.web.SettingsTest"/>
  <testcase name="addRemainder" time="2.308" classname="by.stormnet.web.SettingsTest"/>
  <testcase name="addMarketingSettings" time="5.554" classname="by.stormnet.web.SettingsTest"/>
  <testcase name="addRegion" time="2.257" classname="by.stormnet.web.SettingsTest"/>
  <testcase name="addCity" time="2.312" classname="by.stormnet.web.SettingsTest"/>
</testsuite> <!-- by.stormnet.web.SettingsTest -->
