<?xml version="1.0" encoding="UTF-8"?>
<!-- Generated by org.testng.reporters.JUnitReportReporter -->
<testsuite skipped="0" hostname="AliaksandrDryschyts" name="by.stormnet.web.LoanTest" tests="15" failures="0" timestamp="2020-02-25T13:45:19 MSK" time="43.249" errors="0">
  <testcase name="approvalLoanOne" time="5.846" classname="by.stormnet.web.LoanTest"/>
  <testcase name="approvalLoanTwo" time="5.723" classname="by.stormnet.web.LoanTest"/>
  <testcase name="approvalLoanClient" time="3.339" classname="by.stormnet.web.LoanTest"/>
  <testcase name="approvalLoanClient" time="3.185" classname="by.stormnet.web.LoanTest"/>
  <testcase name="giveOutLoan" time="3.163" classname="by.stormnet.web.LoanTest"/>
  <testcase name="addCommenFromLoan" time="1.154" classname="by.stormnet.web.LoanTest"/>
  <testcase name="changeLoanDate" time="1.287" classname="by.stormnet.web.LoanTest"/>
  <testcase name="incameTest" time="2.734" classname="by.stormnet.web.LoanTest"/>
  <testcase name="assigmentVerifier" time="5.188" classname="by.stormnet.web.LoanTest"/>
  <testcase name="stopCashFromLoan" time="1.033" classname="by.stormnet.web.LoanTest"/>
  <testcase name="returnCashFromLoan" time="1.080" classname="by.stormnet.web.LoanTest"/>
  <testcase name="makeOverdue" time="0.972" classname="by.stormnet.web.LoanTest"/>
  <testcase name="closeLoan" time="1.730" classname="by.stormnet.web.LoanTest"/>
  <testcase name="errorWorkingLoan" time="3.319" classname="by.stormnet.web.LoanTest"/>
  <testcase name="stopFromLoan" time="3.496" classname="by.stormnet.web.LoanTest"/>
</testsuite> <!-- by.stormnet.web.LoanTest -->
