<?xml version="1.0" encoding="UTF-8"?>
<!-- Generated by org.testng.reporters.JUnitReportReporter -->
<testsuite skipped="0" hostname="AliaksandrDryschyts" name="by.stormnet.web.CollectionTest" tests="5" failures="0" timestamp="2020-02-25T09:52:56 MSK" time="21.132" errors="0">
  <testcase name="loanCollectionForSale" time="4.430" classname="by.stormnet.web.CollectionTest"/>
  <testcase name="loanCollectionForOutSource" time="4.133" classname="by.stormnet.web.CollectionTest"/>
  <testcase name="loanCollectionForLegalExpert" time="4.007" classname="by.stormnet.web.CollectionTest"/>
  <testcase name="assigmentCollector" time="3.987" classname="by.stormnet.web.CollectionTest"/>
  <testcase name="addCommentCollector" time="4.575" classname="by.stormnet.web.CollectionTest"/>
</testsuite> <!-- by.stormnet.web.CollectionTest -->
