<?xml version="1.0" encoding="UTF-8"?>
<!-- Generated by org.testng.reporters.JUnitReportReporter -->
<testsuite skipped="4" hostname="AliaksandrDryschyts" name="api.ApiTest" tests="8" failures="0" timestamp="2020-02-21T12:35:45 MSK" time="9.484" errors="0">
  <testcase name="registrationStepFour" time="2.351" classname="api.ApiTest"/>
  <testcase name="registrationStepOne" time="0.923" classname="api.ApiTest">
    <skipped/>
  </testcase> <!-- registrationStepOne -->
  <testcase name="registrationStepTwo" time="0.270" classname="api.ApiTest"/>
  <testcase name="registrationStepOne" time="0.679" classname="api.ApiTest"/>
  <testcase name="registrationStepOne" time="2.270" classname="api.ApiTest">
    <skipped/>
  </testcase> <!-- registrationStepOne -->
  <testcase name="registrationStepOne" time="0.496" classname="api.ApiTest">
    <skipped/>
  </testcase> <!-- registrationStepOne -->
  <testcase name="registrationStepThree" time="2.045" classname="api.ApiTest"/>
  <testcase name="registrationStepOne" time="0.450" classname="api.ApiTest">
    <skipped/>
  </testcase> <!-- registrationStepOne -->
</testsuite> <!-- api.ApiTest -->
