<?xml version="1.0" encoding="UTF-8"?>
<!-- Generated by org.testng.reporters.JUnitReportReporter -->
<testsuite skipped="0" hostname="AliaksandrDryschyts" name="by.stormnet.web.SettingsTest" tests="6" failures="0" timestamp="2020-02-25T13:45:19 MSK" time="14.804" errors="0">
  <testcase name="addNewAdmin" time="2.739" classname="by.stormnet.web.SettingsTest"/>
  <testcase name="addAffilate" time="2.011" classname="by.stormnet.web.SettingsTest"/>
  <testcase name="addRemainder" time="2.022" classname="by.stormnet.web.SettingsTest"/>
  <testcase name="addMarketingSettings" time="4.454" classname="by.stormnet.web.SettingsTest"/>
  <testcase name="addRegion" time="1.770" classname="by.stormnet.web.SettingsTest"/>
  <testcase name="addCity" time="1.808" classname="by.stormnet.web.SettingsTest"/>
</testsuite> <!-- by.stormnet.web.SettingsTest -->
