<?xml version="1.0" encoding="UTF-8"?>
<!-- Generated by org.testng.reporters.JUnitReportReporter -->
<testsuite skipped="1" hostname="AliaksandrDryschyts" name="by.stormnet.web.SettingsTest" tests="7" failures="0" timestamp="2020-02-25T16:36:22 MSK" time="24.570" errors="0">
  <testcase name="addNewAdmin" time="2.654" classname="by.stormnet.web.SettingsTest"/>
  <testcase name="addAffilate" time="2.267" classname="by.stormnet.web.SettingsTest"/>
  <testcase name="addRemainder" time="5.003" classname="by.stormnet.web.SettingsTest">
    <skipped/>
  </testcase> <!-- addRemainder -->
  <testcase name="addRemainder" time="2.514" classname="by.stormnet.web.SettingsTest"/>
  <testcase name="addMarketingSettings" time="6.375" classname="by.stormnet.web.SettingsTest"/>
  <testcase name="addRegion" time="2.788" classname="by.stormnet.web.SettingsTest"/>
  <testcase name="addCity" time="2.969" classname="by.stormnet.web.SettingsTest"/>
</testsuite> <!-- by.stormnet.web.SettingsTest -->
