<?xml version="1.0" encoding="UTF-8"?>
<!-- Generated by org.testng.reporters.JUnitReportReporter -->
<testsuite skipped="2" hostname="AliaksandrDryschyts" name="by.stormnet.web.RegistrationFrontTest" tests="6" failures="0" timestamp="2020-02-25T16:36:22 MSK" time="50.137" errors="0">
  <testcase name="registrationStepOneTest" time="29.912" classname="by.stormnet.web.RegistrationFrontTest"/>
  <testcase name="registrationStepTwoTest" time="3.076" classname="by.stormnet.web.RegistrationFrontTest">
    <skipped/>
  </testcase> <!-- registrationStepTwoTest -->
  <testcase name="registrationStepTwoTest" time="4.672" classname="by.stormnet.web.RegistrationFrontTest"/>
  <testcase name="registrationStepTwoTest" time="3.107" classname="by.stormnet.web.RegistrationFrontTest">
    <skipped/>
  </testcase> <!-- registrationStepTwoTest -->
  <testcase name="registrationStepThreeTest" time="4.796" classname="by.stormnet.web.RegistrationFrontTest"/>
  <testcase name="registrationStepFourTest" time="4.574" classname="by.stormnet.web.RegistrationFrontTest"/>
</testsuite> <!-- by.stormnet.web.RegistrationFrontTest -->
