<?xml version="1.0" encoding="UTF-8"?>
<!-- Generated by org.testng.reporters.JUnitReportReporter -->
<testsuite skipped="0" hostname="AliaksandrDryschyts" name="by.stormnet.web.SettingsTest" tests="6" failures="0" timestamp="2020-02-21T12:08:42 MSK" time="15.717" errors="0">
  <testcase name="addNewAdmin" time="2.495" classname="by.stormnet.web.SettingsTest"/>
  <testcase name="addAffilate" time="2.210" classname="by.stormnet.web.SettingsTest"/>
  <testcase name="addRemainder" time="1.883" classname="by.stormnet.web.SettingsTest"/>
  <testcase name="addMarketingSettings" time="5.037" classname="by.stormnet.web.SettingsTest"/>
  <testcase name="addRegion" time="1.836" classname="by.stormnet.web.SettingsTest"/>
  <testcase name="addCity" time="2.256" classname="by.stormnet.web.SettingsTest"/>
</testsuite> <!-- by.stormnet.web.SettingsTest -->
