<?xml version="1.0" encoding="UTF-8"?>
<!-- Generated by org.testng.reporters.JUnitReportReporter -->
<testsuite skipped="0" hostname="AliaksandrDryschyts" name="by.stormnet.web.SettingsTest" tests="6" failures="0" timestamp="2020-02-24T16:26:55 MSK" time="15.664" errors="0">
  <testcase name="addNewAdmin" time="2.594" classname="by.stormnet.web.SettingsTest"/>
  <testcase name="addAffilate" time="2.147" classname="by.stormnet.web.SettingsTest"/>
  <testcase name="addRemainder" time="2.150" classname="by.stormnet.web.SettingsTest"/>
  <testcase name="addMarketingSettings" time="4.720" classname="by.stormnet.web.SettingsTest"/>
  <testcase name="addRegion" time="2.072" classname="by.stormnet.web.SettingsTest"/>
  <testcase name="addCity" time="1.981" classname="by.stormnet.web.SettingsTest"/>
</testsuite> <!-- by.stormnet.web.SettingsTest -->
